{"meta": {"format": 3, "version": "7.10.7", "timestamp": "2025-10-03T09:07:23.471450", "branch_coverage": false, "show_contexts": false}, "files": {"gds_snowflake/__init__.py": {"executed_lines": [1, 26, 27, 28, 29, 31, 32, 33], "summary": {"covered_lines": 7, "num_statements": 7, "percent_covered": 100.0, "percent_covered_display": "100", "missing_lines": 0, "excluded_lines": 0}, "missing_lines": [], "excluded_lines": [], "functions": {"": {"executed_lines": [1, 26, 27, 28, 29, 31, 32, 33], "summary": {"covered_lines": 7, "num_statements": 7, "percent_covered": 100.0, "percent_covered_display": "100", "missing_lines": 0, "excluded_lines": 0}, "missing_lines": [], "excluded_lines": []}}, "classes": {"": {"executed_lines": [1, 26, 27, 28, 29, 31, 32, 33], "summary": {"covered_lines": 7, "num_statements": 7, "percent_covered": 100.0, "percent_covered_display": "100", "missing_lines": 0, "excluded_lines": 0}, "missing_lines": [], "excluded_lines": []}}}, "gds_snowflake/connection.py": {"executed_lines": [1, 7, 8, 9, 10, 12, 13, 14, 15, 16, 18, 21, 22, 27, 101, 134, 145, 154, 186, 218, 235, 240], "summary": {"covered_lines": 20, "num_statements": 108, "percent_covered": 18.51851851851852, "percent_covered_display": "19", "missing_lines": 88, "excluded_lines": 0}, "missing_lines": [60, 61, 62, 63, 64, 65, 68, 71, 72, 73, 74, 75, 76, 77, 78, 79, 80, 81, 82, 83, 84, 85, 86, 87, 88, 89, 90, 91, 92, 93, 97, 109, 110, 115, 116, 117, 118, 119, 120, 121, 125, 126, 127, 128, 129, 132, 141, 142, 143, 147, 148, 149, 150, 151, 152, 168, 169, 170, 172, 173, 175, 177, 178, 179, 181, 182, 183, 184, 200, 201, 202, 204, 205, 207, 209, 210, 211, 213, 214, 215, 216, 230, 231, 232, 233, 237, 238, 242], "excluded_lines": [], "functions": {"SnowflakeConnection.__init__": {"executed_lines": [], "summary": {"covered_lines": 0, "num_statements": 31, "percent_covered": 0.0, "percent_covered_display": "0", "missing_lines": 31, "excluded_lines": 0}, "missing_lines": [60, 61, 62, 63, 64, 65, 68, 71, 72, 73, 74, 75, 76, 77, 78, 79, 80, 81, 82, 83, 84, 85, 86, 87, 88, 89, 90, 91, 92, 93, 97], "excluded_lines": []}, "SnowflakeConnection.connect": {"executed_lines": [], "summary": {"covered_lines": 0, "num_statements": 15, "percent_covered": 0.0, "percent_covered_display": "0", "missing_lines": 15, "excluded_lines": 0}, "missing_lines": [109, 110, 115, 116, 117, 118, 119, 120, 121, 125, 126, 127, 128, 129, 132], "excluded_lines": []}, "SnowflakeConnection.get_connection": {"executed_lines": [], "summary": {"covered_lines": 0, "num_statements": 3, "percent_covered": 0.0, "percent_covered_display": "0", "missing_lines": 3, "excluded_lines": 0}, "missing_lines": [141, 142, 143], "excluded_lines": []}, "SnowflakeConnection.close": {"executed_lines": [], "summary": {"covered_lines": 0, "num_statements": 6, "percent_covered": 0.0, "percent_covered_display": "0", "missing_lines": 6, "excluded_lines": 0}, "missing_lines": [147, 148, 149, 150, 151, 152], "excluded_lines": []}, "SnowflakeConnection.execute_query": {"executed_lines": [], "summary": {"covered_lines": 0, "num_statements": 13, "percent_covered": 0.0, "percent_covered_display": "0", "missing_lines": 13, "excluded_lines": 0}, "missing_lines": [168, 169, 170, 172, 173, 175, 177, 178, 179, 181, 182, 183, 184], "excluded_lines": []}, "SnowflakeConnection.execute_query_dict": {"executed_lines": [], "summary": {"covered_lines": 0, "num_statements": 13, "percent_covered": 0.0, "percent_covered_display": "0", "missing_lines": 13, "excluded_lines": 0}, "missing_lines": [200, 201, 202, 204, 205, 207, 209, 210, 211, 213, 214, 215, 216], "excluded_lines": []}, "SnowflakeConnection.switch_account": {"executed_lines": [], "summary": {"covered_lines": 0, "num_statements": 4, "percent_covered": 0.0, "percent_covered_display": "0", "missing_lines": 4, "excluded_lines": 0}, "missing_lines": [230, 231, 232, 233], "excluded_lines": []}, "SnowflakeConnection.__enter__": {"executed_lines": [], "summary": {"covered_lines": 0, "num_statements": 2, "percent_covered": 0.0, "percent_covered_display": "0", "missing_lines": 2, "excluded_lines": 0}, "missing_lines": [237, 238], "excluded_lines": []}, "SnowflakeConnection.__exit__": {"executed_lines": [], "summary": {"covered_lines": 0, "num_statements": 1, "percent_covered": 0.0, "percent_covered_display": "0", "missing_lines": 1, "excluded_lines": 0}, "missing_lines": [242], "excluded_lines": []}, "": {"executed_lines": [1, 7, 8, 9, 10, 12, 13, 14, 15, 16, 18, 21, 22, 27, 101, 134, 145, 154, 186, 218, 235, 240], "summary": {"covered_lines": 20, "num_statements": 20, "percent_covered": 100.0, "percent_covered_display": "100", "missing_lines": 0, "excluded_lines": 0}, "missing_lines": [], "excluded_lines": []}}, "classes": {"SnowflakeConnection": {"executed_lines": [], "summary": {"covered_lines": 0, "num_statements": 88, "percent_covered": 0.0, "percent_covered_display": "0", "missing_lines": 88, "excluded_lines": 0}, "missing_lines": [60, 61, 62, 63, 64, 65, 68, 71, 72, 73, 74, 75, 76, 77, 78, 79, 80, 81, 82, 83, 84, 85, 86, 87, 88, 89, 90, 91, 92, 93, 97, 109, 110, 115, 116, 117, 118, 119, 120, 121, 125, 126, 127, 128, 129, 132, 141, 142, 143, 147, 148, 149, 150, 151, 152, 168, 169, 170, 172, 173, 175, 177, 178, 179, 181, 182, 183, 184, 200, 201, 202, 204, 205, 207, 209, 210, 211, 213, 214, 215, 216, 230, 231, 232, 233, 237, 238, 242], "excluded_lines": []}, "": {"executed_lines": [1, 7, 8, 9, 10, 12, 13, 14, 15, 16, 18, 21, 22, 27, 101, 134, 145, 154, 186, 218, 235, 240], "summary": {"covered_lines": 20, "num_statements": 20, "percent_covered": 100.0, "percent_covered_display": "100", "missing_lines": 0, "excluded_lines": 0}, "missing_lines": [], "excluded_lines": []}}}, "gds_snowflake/database.py": {"executed_lines": [1, 9, 10, 11, 13, 16, 17, 27, 34, 40, 47, 59, 60, 61, 62, 63, 64, 66, 76, 88, 89, 90, 91, 98, 108, 109, 124, 126, 140, 142, 143, 144, 159, 172, 173, 175, 178, 182, 184, 203, 204, 205, 212, 225, 226, 228, 231, 235, 237, 254, 255, 256, 267, 280, 281, 283, 286, 290, 292, 313, 314, 315, 326, 339, 340, 342, 345, 349, 351, 368, 369, 370, 381, 394, 395, 397, 400, 404, 406, 421, 422, 423, 434, 447, 448, 450, 453, 457, 459, 475, 476, 477, 488, 501, 502, 504, 507, 511, 513, 532, 533, 534, 541, 554, 555, 557, 560, 564, 566, 582, 583, 584, 595, 611, 613, 631, 644, 645], "summary": {"covered_lines": 116, "num_statements": 178, "percent_covered": 65.1685393258427, "percent_covered_display": "65", "missing_lines": 62, "excluded_lines": 0}, "missing_lines": [92, 93, 96, 145, 146, 147, 176, 177, 179, 180, 208, 209, 210, 229, 230, 232, 233, 259, 260, 261, 284, 285, 287, 288, 318, 319, 320, 343, 344, 346, 347, 373, 374, 375, 398, 399, 401, 402, 426, 427, 428, 451, 452, 454, 455, 480, 481, 482, 505, 506, 508, 509, 537, 538, 539, 558, 559, 561, 562, 587, 588, 589], "excluded_lines": [], "functions": {"SnowflakeDatabase.__init__": {"executed_lines": [34], "summary": {"covered_lines": 1, "num_statements": 1, "percent_covered": 100.0, "percent_covered_display": "100", "missing_lines": 0, "excluded_lines": 0}, "missing_lines": [], "excluded_lines": []}, "SnowflakeDatabase.get_databases": {"executed_lines": [47, 59, 60, 61, 62, 63, 64], "summary": {"covered_lines": 7, "num_statements": 7, "percent_covered": 100.0, "percent_covered_display": "100", "missing_lines": 0, "excluded_lines": 0}, "missing_lines": [], "excluded_lines": []}, "SnowflakeDatabase.get_database_info": {"executed_lines": [76, 88, 89, 90, 91], "summary": {"covered_lines": 5, "num_statements": 8, "percent_covered": 62.5, "percent_covered_display": "62", "missing_lines": 3, "excluded_lines": 0}, "missing_lines": [92, 93, 96], "excluded_lines": []}, "SnowflakeDatabase.get_schemas": {"executed_lines": [108, 109, 124, 126, 140, 142, 143, 144], "summary": {"covered_lines": 8, "num_statements": 11, "percent_covered": 72.72727272727273, "percent_covered_display": "73", "missing_lines": 3, "excluded_lines": 0}, "missing_lines": [145, 146, 147], "excluded_lines": []}, "SnowflakeDatabase.get_functions": {"executed_lines": [172, 173, 175, 178, 182, 184, 203, 204, 205], "summary": {"covered_lines": 9, "num_statements": 16, "percent_covered": 56.25, "percent_covered_display": "56", "missing_lines": 7, "excluded_lines": 0}, "missing_lines": [176, 177, 179, 180, 208, 209, 210], "excluded_lines": []}, "SnowflakeDatabase.get_procedures": {"executed_lines": [225, 226, 228, 231, 235, 237, 254, 255, 256], "summary": {"covered_lines": 9, "num_statements": 16, "percent_covered": 56.25, "percent_covered_display": "56", "missing_lines": 7, "excluded_lines": 0}, "missing_lines": [229, 230, 232, 233, 259, 260, 261], "excluded_lines": []}, "SnowflakeDatabase.get_sequences": {"executed_lines": [280, 281, 283, 286, 290, 292, 313, 314, 315], "summary": {"covered_lines": 9, "num_statements": 16, "percent_covered": 56.25, "percent_covered_display": "56", "missing_lines": 7, "excluded_lines": 0}, "missing_lines": [284, 285, 287, 288, 318, 319, 320], "excluded_lines": []}, "SnowflakeDatabase.get_stages": {"executed_lines": [339, 340, 342, 345, 349, 351, 368, 369, 370], "summary": {"covered_lines": 9, "num_statements": 16, "percent_covered": 56.25, "percent_covered_display": "56", "missing_lines": 7, "excluded_lines": 0}, "missing_lines": [343, 344, 346, 347, 373, 374, 375], "excluded_lines": []}, "SnowflakeDatabase.get_file_formats": {"executed_lines": [394, 395, 397, 400, 404, 406, 421, 422, 423], "summary": {"covered_lines": 9, "num_statements": 16, "percent_covered": 56.25, "percent_covered_display": "56", "missing_lines": 7, "excluded_lines": 0}, "missing_lines": [398, 399, 401, 402, 426, 427, 428], "excluded_lines": []}, "SnowflakeDatabase.get_pipes": {"executed_lines": [447, 448, 450, 453, 457, 459, 475, 476, 477], "summary": {"covered_lines": 9, "num_statements": 16, "percent_covered": 56.25, "percent_covered_display": "56", "missing_lines": 7, "excluded_lines": 0}, "missing_lines": [451, 452, 454, 455, 480, 481, 482], "excluded_lines": []}, "SnowflakeDatabase.get_tasks": {"executed_lines": [501, 502, 504, 507, 511, 513, 532, 533, 534], "summary": {"covered_lines": 9, "num_statements": 16, "percent_covered": 56.25, "percent_covered_display": "56", "missing_lines": 7, "excluded_lines": 0}, "missing_lines": [505, 506, 508, 509, 537, 538, 539], "excluded_lines": []}, "SnowflakeDatabase.get_streams": {"executed_lines": [554, 555, 557, 560, 564, 566, 582, 583, 584], "summary": {"covered_lines": 9, "num_statements": 16, "percent_covered": 56.25, "percent_covered_display": "56", "missing_lines": 7, "excluded_lines": 0}, "missing_lines": [558, 559, 561, 562, 587, 588, 589], "excluded_lines": []}, "SnowflakeDatabase.get_all_database_metadata": {"executed_lines": [611, 613, 631, 644, 645], "summary": {"covered_lines": 5, "num_statements": 5, "percent_covered": 100.0, "percent_covered_display": "100", "missing_lines": 0, "excluded_lines": 0}, "missing_lines": [], "excluded_lines": []}, "": {"executed_lines": [1, 9, 10, 11, 13, 16, 17, 27, 40, 66, 98, 159, 212, 267, 326, 381, 434, 488, 541, 595], "summary": {"covered_lines": 18, "num_statements": 18, "percent_covered": 100.0, "percent_covered_display": "100", "missing_lines": 0, "excluded_lines": 0}, "missing_lines": [], "excluded_lines": []}}, "classes": {"SnowflakeDatabase": {"executed_lines": [34, 47, 59, 60, 61, 62, 63, 64, 76, 88, 89, 90, 91, 108, 109, 124, 126, 140, 142, 143, 144, 172, 173, 175, 178, 182, 184, 203, 204, 205, 225, 226, 228, 231, 235, 237, 254, 255, 256, 280, 281, 283, 286, 290, 292, 313, 314, 315, 339, 340, 342, 345, 349, 351, 368, 369, 370, 394, 395, 397, 400, 404, 406, 421, 422, 423, 447, 448, 450, 453, 457, 459, 475, 476, 477, 501, 502, 504, 507, 511, 513, 532, 533, 534, 554, 555, 557, 560, 564, 566, 582, 583, 584, 611, 613, 631, 644, 645], "summary": {"covered_lines": 98, "num_statements": 160, "percent_covered": 61.25, "percent_covered_display": "61", "missing_lines": 62, "excluded_lines": 0}, "missing_lines": [92, 93, 96, 145, 146, 147, 176, 177, 179, 180, 208, 209, 210, 229, 230, 232, 233, 259, 260, 261, 284, 285, 287, 288, 318, 319, 320, 343, 344, 346, 347, 373, 374, 375, 398, 399, 401, 402, 426, 427, 428, 451, 452, 454, 455, 480, 481, 482, 505, 506, 508, 509, 537, 538, 539, 558, 559, 561, 562, 587, 588, 589], "excluded_lines": []}, "": {"executed_lines": [1, 9, 10, 11, 13, 16, 17, 27, 40, 66, 98, 159, 212, 267, 326, 381, 434, 488, 541, 595], "summary": {"covered_lines": 18, "num_statements": 18, "percent_covered": 100.0, "percent_covered_display": "100", "missing_lines": 0, "excluded_lines": 0}, "missing_lines": [], "excluded_lines": []}}}, "gds_snowflake/replication.py": {"executed_lines": [1, 7, 8, 9, 10, 11, 13, 16, 17, 19, 27, 28, 29, 30, 31, 32, 33, 34, 35, 36, 38, 49, 50, 52, 53, 54, 55, 56, 57, 58, 60, 71, 72, 73, 75, 85, 87, 88, 89, 90, 92, 94, 95, 98, 99, 101, 108, 110, 120, 121, 122, 124, 125, 127, 128, 129, 133, 134, 135, 136, 137, 138, 139, 140, 141, 143, 144, 145, 147, 148, 150, 151, 152, 154, 168, 169, 180, 181, 183, 189, 199, 202, 203, 205, 206, 208, 209, 212, 213, 214, 215, 217, 218, 219, 221, 222, 228, 238, 239, 241, 242, 243, 245, 246, 248, 249, 250, 251, 253, 259, 272, 274, 275, 276, 277, 280, 281, 285, 286, 287, 289, 294, 298, 300, 302, 303, 304, 308, 309, 311, 317, 328, 329, 330, 331, 333, 334, 335, 336, 338, 339, 340], "summary": {"covered_lines": 139, "num_statements": 158, "percent_covered": 87.9746835443038, "percent_covered_display": "88", "missing_lines": 19, "excluded_lines": 0}, "missing_lines": [185, 186, 187, 224, 225, 226, 255, 256, 257, 282, 283, 290, 291, 313, 314, 315, 342, 343, 344], "excluded_lines": [], "functions": {"FailoverGroup.__init__": {"executed_lines": [27, 28, 29, 30, 31, 32, 33, 34, 35, 36], "summary": {"covered_lines": 10, "num_statements": 10, "percent_covered": 100.0, "percent_covered_display": "100", "missing_lines": 0, "excluded_lines": 0}, "missing_lines": [], "excluded_lines": []}, "FailoverGroup._parse_secondary_accounts": {"executed_lines": [49, 50, 52, 53, 54, 55, 56, 57, 58], "summary": {"covered_lines": 9, "num_statements": 9, "percent_covered": 100.0, "percent_covered_display": "100", "missing_lines": 0, "excluded_lines": 0}, "missing_lines": [], "excluded_lines": []}, "FailoverGroup.is_primary": {"executed_lines": [71, 72, 73], "summary": {"covered_lines": 3, "num_statements": 3, "percent_covered": 100.0, "percent_covered_display": "100", "missing_lines": 0, "excluded_lines": 0}, "missing_lines": [], "excluded_lines": []}, "FailoverGroup.get_secondary_account": {"executed_lines": [85, 87, 88, 89, 90, 92], "summary": {"covered_lines": 6, "num_statements": 6, "percent_covered": 100.0, "percent_covered_display": "100", "missing_lines": 0, "excluded_lines": 0}, "missing_lines": [], "excluded_lines": []}, "FailoverGroup.__repr__": {"executed_lines": [95], "summary": {"covered_lines": 1, "num_statements": 1, "percent_covered": 100.0, "percent_covered_display": "100", "missing_lines": 0, "excluded_lines": 0}, "missing_lines": [], "excluded_lines": []}, "SnowflakeReplication.__init__": {"executed_lines": [108], "summary": {"covered_lines": 1, "num_statements": 1, "percent_covered": 100.0, "percent_covered_display": "100", "missing_lines": 0, "excluded_lines": 0}, "missing_lines": [], "excluded_lines": []}, "SnowflakeReplication.get_failover_groups": {"executed_lines": [120, 121, 122, 124, 125, 127, 128, 129, 133, 134, 135, 136, 137, 138, 139, 140, 141, 143, 144, 145, 147, 148, 150, 151, 152], "summary": {"covered_lines": 25, "num_statements": 25, "percent_covered": 100.0, "percent_covered_display": "100", "missing_lines": 0, "excluded_lines": 0}, "missing_lines": [], "excluded_lines": []}, "SnowflakeReplication.get_replication_history": {"executed_lines": [168, 169, 180, 181, 183], "summary": {"covered_lines": 5, "num_statements": 8, "percent_covered": 62.5, "percent_covered_display": "62", "missing_lines": 3, "excluded_lines": 0}, "missing_lines": [185, 186, 187], "excluded_lines": []}, "SnowflakeReplication.parse_cron_schedule": {"executed_lines": [199, 202, 203, 205, 206, 208, 209, 212, 213, 214, 215, 217, 218, 219, 221, 222], "summary": {"covered_lines": 16, "num_statements": 19, "percent_covered": 84.21052631578948, "percent_covered_display": "84", "missing_lines": 3, "excluded_lines": 0}, "missing_lines": [224, 225, 226], "excluded_lines": []}, "SnowflakeReplication.check_replication_failure": {"executed_lines": [238, 239, 241, 242, 243, 245, 246, 248, 249, 250, 251, 253], "summary": {"covered_lines": 12, "num_statements": 15, "percent_covered": 80.0, "percent_covered_display": "80", "missing_lines": 3, "excluded_lines": 0}, "missing_lines": [255, 256, 257], "excluded_lines": []}, "SnowflakeReplication.check_replication_latency": {"executed_lines": [272, 274, 275, 276, 277, 280, 281, 285, 286, 287, 289, 294, 298, 300, 302, 303, 304, 308, 309, 311], "summary": {"covered_lines": 20, "num_statements": 27, "percent_covered": 74.07407407407408, "percent_covered_display": "74", "missing_lines": 7, "excluded_lines": 0}, "missing_lines": [282, 283, 290, 291, 313, 314, 315], "excluded_lines": []}, "SnowflakeReplication.switch_to_secondary_account": {"executed_lines": [328, 329, 330, 331, 333, 334, 335, 336, 338, 339, 340], "summary": {"covered_lines": 11, "num_statements": 14, "percent_covered": 78.57142857142857, "percent_covered_display": "79", "missing_lines": 3, "excluded_lines": 0}, "missing_lines": [342, 343, 344], "excluded_lines": []}, "": {"executed_lines": [1, 7, 8, 9, 10, 11, 13, 16, 17, 19, 38, 60, 75, 94, 98, 99, 101, 110, 154, 189, 228, 259, 317], "summary": {"covered_lines": 20, "num_statements": 20, "percent_covered": 100.0, "percent_covered_display": "100", "missing_lines": 0, "excluded_lines": 0}, "missing_lines": [], "excluded_lines": []}}, "classes": {"FailoverGroup": {"executed_lines": [27, 28, 29, 30, 31, 32, 33, 34, 35, 36, 49, 50, 52, 53, 54, 55, 56, 57, 58, 71, 72, 73, 85, 87, 88, 89, 90, 92, 95], "summary": {"covered_lines": 29, "num_statements": 29, "percent_covered": 100.0, "percent_covered_display": "100", "missing_lines": 0, "excluded_lines": 0}, "missing_lines": [], "excluded_lines": []}, "SnowflakeReplication": {"executed_lines": [108, 120, 121, 122, 124, 125, 127, 128, 129, 133, 134, 135, 136, 137, 138, 139, 140, 141, 143, 144, 145, 147, 148, 150, 151, 152, 168, 169, 180, 181, 183, 199, 202, 203, 205, 206, 208, 209, 212, 213, 214, 215, 217, 218, 219, 221, 222, 238, 239, 241, 242, 243, 245, 246, 248, 249, 250, 251, 253, 272, 274, 275, 276, 277, 280, 281, 285, 286, 287, 289, 294, 298, 300, 302, 303, 304, 308, 309, 311, 328, 329, 330, 331, 333, 334, 335, 336, 338, 339, 340], "summary": {"covered_lines": 90, "num_statements": 109, "percent_covered": 82.56880733944953, "percent_covered_display": "83", "missing_lines": 19, "excluded_lines": 0}, "missing_lines": [185, 186, 187, 224, 225, 226, 255, 256, 257, 282, 283, 290, 291, 313, 314, 315, 342, 343, 344], "excluded_lines": []}, "": {"executed_lines": [1, 7, 8, 9, 10, 11, 13, 16, 17, 19, 38, 60, 75, 94, 98, 99, 101, 110, 154, 189, 228, 259, 317], "summary": {"covered_lines": 20, "num_statements": 20, "percent_covered": 100.0, "percent_covered_display": "100", "missing_lines": 0, "excluded_lines": 0}, "missing_lines": [], "excluded_lines": []}}}, "gds_snowflake/table.py": {"executed_lines": [1, 8, 9, 10, 12, 15, 16, 23, 30, 36, 53, 55, 56, 58, 59, 60, 61, 62, 63, 65, 67, 87, 88, 89, 92, 93, 94, 96, 113, 114, 116, 119, 123, 125, 144, 145, 146, 147, 152, 165, 166, 168, 169, 170, 171, 172, 173, 175, 177, 193, 194, 195, 198, 199, 200, 206, 223, 224, 226, 227, 228, 229, 232, 236, 238, 260, 261, 262, 265, 266, 267, 273, 286, 288, 295, 301, 302], "summary": {"covered_lines": 75, "num_statements": 86, "percent_covered": 87.20930232558139, "percent_covered_display": "87", "missing_lines": 11, "excluded_lines": 0}, "missing_lines": [117, 118, 120, 121, 148, 149, 150, 230, 231, 233, 234], "excluded_lines": [], "functions": {"SnowflakeTable.__init__": {"executed_lines": [30], "summary": {"covered_lines": 1, "num_statements": 1, "percent_covered": 100.0, "percent_covered_display": "100", "missing_lines": 0, "excluded_lines": 0}, "missing_lines": [], "excluded_lines": []}, "SnowflakeTable.get_tables": {"executed_lines": [53, 55, 56, 58, 59, 60, 61, 62, 63, 65, 67, 87, 88, 89, 92, 93, 94], "summary": {"covered_lines": 17, "num_statements": 17, "percent_covered": 100.0, "percent_covered_display": "100", "missing_lines": 0, "excluded_lines": 0}, "missing_lines": [], "excluded_lines": []}, "SnowflakeTable.get_table_info": {"executed_lines": [113, 114, 116, 119, 123, 125, 144, 145, 146, 147], "summary": {"covered_lines": 10, "num_statements": 17, "percent_covered": 58.8235294117647, "percent_covered_display": "59", "missing_lines": 7, "excluded_lines": 0}, "missing_lines": [117, 118, 120, 121, 148, 149, 150], "excluded_lines": []}, "SnowflakeTable.get_views": {"executed_lines": [165, 166, 168, 169, 170, 171, 172, 173, 175, 177, 193, 194, 195, 198, 199, 200], "summary": {"covered_lines": 16, "num_statements": 16, "percent_covered": 100.0, "percent_covered_display": "100", "missing_lines": 0, "excluded_lines": 0}, "missing_lines": [], "excluded_lines": []}, "SnowflakeTable.get_columns": {"executed_lines": [223, 224, 226, 227, 228, 229, 232, 236, 238, 260, 261, 262, 265, 266, 267], "summary": {"covered_lines": 15, "num_statements": 19, "percent_covered": 78.94736842105263, "percent_covered_display": "79", "missing_lines": 4, "excluded_lines": 0}, "missing_lines": [230, 231, 233, 234], "excluded_lines": []}, "SnowflakeTable.get_all_table_metadata": {"executed_lines": [286, 288, 295, 301, 302], "summary": {"covered_lines": 5, "num_statements": 5, "percent_covered": 100.0, "percent_covered_display": "100", "missing_lines": 0, "excluded_lines": 0}, "missing_lines": [], "excluded_lines": []}, "": {"executed_lines": [1, 8, 9, 10, 12, 15, 16, 23, 36, 96, 152, 206, 273], "summary": {"covered_lines": 11, "num_statements": 11, "percent_covered": 100.0, "percent_covered_display": "100", "missing_lines": 0, "excluded_lines": 0}, "missing_lines": [], "excluded_lines": []}}, "classes": {"SnowflakeTable": {"executed_lines": [30, 53, 55, 56, 58, 59, 60, 61, 62, 63, 65, 67, 87, 88, 89, 92, 93, 94, 113, 114, 116, 119, 123, 125, 144, 145, 146, 147, 165, 166, 168, 169, 170, 171, 172, 173, 175, 177, 193, 194, 195, 198, 199, 200, 223, 224, 226, 227, 228, 229, 232, 236, 238, 260, 261, 262, 265, 266, 267, 286, 288, 295, 301, 302], "summary": {"covered_lines": 64, "num_statements": 75, "percent_covered": 85.33333333333333, "percent_covered_display": "85", "missing_lines": 11, "excluded_lines": 0}, "missing_lines": [117, 118, 120, 121, 148, 149, 150, 230, 231, 233, 234], "excluded_lines": []}, "": {"executed_lines": [1, 8, 9, 10, 12, 15, 16, 23, 36, 96, 152, 206, 273], "summary": {"covered_lines": 11, "num_statements": 11, "percent_covered": 100.0, "percent_covered_display": "100", "missing_lines": 0, "excluded_lines": 0}, "missing_lines": [], "excluded_lines": []}}}}, "totals": {"covered_lines": 357, "num_statements": 537, "percent_covered": 66.4804469273743, "percent_covered_display": "66", "missing_lines": 180, "excluded_lines": 0}}
